<?xml version="1.0" encoding="UTF-8"?>
<testng-results skipped="0" failed="0" total="1" passed="1">
  <reporter-output>
  </reporter-output>
  <suite name="Default suite" duration-ms="78865" started-at="2017-09-07T09:10:39Z" finished-at="2017-09-07T09:11:58Z">
    <groups>
    </groups>
    <test name="Default test" duration-ms="78865" started-at="2017-09-07T09:10:39Z" finished-at="2017-09-07T09:11:58Z">
      <class name="PositivRadioSprint1.Login">
        <test-method status="PASS" signature="setup()[pri:0, instance:PositivRadioSprint1.Login@7085bdee]" name="setup" is-config="true" duration-ms="41903" started-at="2017-09-07T14:40:39Z" finished-at="2017-09-07T14:41:21Z">
          <reporter-output>
          </reporter-output>
        </test-method> <!-- setup -->
        <test-method status="PASS" signature="SignUpFacebook()[pri:0, instance:PositivRadioSprint1.Login@7085bdee]" name="SignUpFacebook" duration-ms="26928" started-at="2017-09-07T14:41:21Z" finished-at="2017-09-07T14:41:48Z">
          <reporter-output>
          </reporter-output>
        </test-method> <!-- SignUpFacebook -->
        <test-method status="PASS" signature="tearDown()[pri:0, instance:PositivRadioSprint1.Login@7085bdee]" name="tearDown" is-config="true" duration-ms="10002" started-at="2017-09-07T14:41:48Z" finished-at="2017-09-07T14:41:58Z">
          <reporter-output>
          </reporter-output>
        </test-method> <!-- tearDown -->
      </class> <!-- PositivRadioSprint1.Login -->
    </test> <!-- Default test -->
  </suite> <!-- Default suite -->
</testng-results>
